<?xml version="1.0" encoding="UTF-8"?>
<robot generator="Robot 7.1 (Python 3.12.5 on win32)" generated="2024-10-28T17:04:20.535975" rpa="false" schemaversion="5">
<suite id="s1" name="registerTest" source="C:\Users\User\OneDrive\Desktop\Bestpick_Test\registerTest.robot">
<test id="s1-t1" name="Invalid register Test1" line="34">
<kw name="Open Test Application">
<kw name="Open Application" owner="AppiumLibrary">
<arg>${URL}</arg>
<arg>automationName=${ANDROID_AUTOMATION_NAME}</arg>
<arg>platformName=${ANDROID_PLATFORM_NAME}</arg>
<arg>platformVersion=${ANDROID_PLATFORM_VERSION}</arg>
<arg>app=${ANDROID_APP}</arg>
<doc>Opens a new application to given Appium server.
Capabilities of appium server, Android and iOS,
Please check https://appium.io/docs/en/2.1/cli/args/
| *Option*            | *Man.* | *Description*     |
| remote_url          | Yes    | Appium server url |
| alias               | no     | alias             |
| strict_ssl          | No     | allows you to send commands to an invalid certificate host like a self-signed one. |</doc>
<status status="PASS" start="2024-10-28T17:04:20.799611" elapsed="10.128268"/>
</kw>
<kw name="Wait Until Element Is Visible" owner="AppiumLibrary">
<msg time="2024-10-28T17:04:32.297252" level="INFO">criteria is com.example.reviewhub:id/logintext</msg>
<arg>id=${APP_PACKAGE}:id/logintext</arg>
<arg>timeout=30s</arg>
<doc>Waits until element specified with `locator` is visible.</doc>
<status status="PASS" start="2024-10-28T17:04:30.927879" elapsed="1.369373"/>
</kw>
<status status="PASS" start="2024-10-28T17:04:20.799611" elapsed="11.497641"/>
</kw>
<kw name="Click register">
<kw name="Click Element" owner="AppiumLibrary">
<msg time="2024-10-28T17:04:32.299266" level="INFO">Clicking element 'id=com.example.reviewhub:id/register'.</msg>
<msg time="2024-10-28T17:04:32.481539" level="INFO">criteria is com.example.reviewhub:id/register</msg>
<arg>id=${APP_PACKAGE}:id/register</arg>
<doc>Click element identified by `locator`.</doc>
<status status="PASS" start="2024-10-28T17:04:32.298259" elapsed="0.183280"/>
</kw>
<kw name="Wait Until Element Is Visible" owner="AppiumLibrary">
<msg time="2024-10-28T17:04:34.203493" level="INFO">criteria is com.example.reviewhub:id/registerusername
criteria is com.example.reviewhub:id/registerusername</msg>
<arg>id=${APP_PACKAGE}:id/registerusername</arg>
<arg>timeout=30s</arg>
<doc>Waits until element specified with `locator` is visible.</doc>
<status status="PASS" start="2024-10-28T17:04:32.482562" elapsed="1.722437"/>
</kw>
<status status="PASS" start="2024-10-28T17:04:32.298259" elapsed="1.906863"/>
</kw>
<kw name="Input Text" owner="AppiumLibrary">
<msg time="2024-10-28T17:04:34.206532" level="INFO">Typing text 'earthsrichok31@gmail.com' into text field 'id=com.example.reviewhub:id/registerusername'</msg>
<msg time="2024-10-28T17:04:34.305159" level="INFO">criteria is com.example.reviewhub:id/registerusername</msg>
<arg>id=${APP_PACKAGE}:id/registerusername</arg>
<arg>${Duplicate_email}</arg>
<doc>Types the given `text` into text field identified by `locator`.</doc>
<status status="PASS" start="2024-10-28T17:04:34.205122" elapsed="0.100037"/>
</kw>
<kw name="Click Element" owner="AppiumLibrary">
<msg time="2024-10-28T17:04:34.307101" level="INFO">Clicking element 'id=com.example.reviewhub:id/btnregister'.</msg>
<msg time="2024-10-28T17:04:35.800561" level="INFO">criteria is com.example.reviewhub:id/btnregister</msg>
<arg>id=${APP_PACKAGE}:id/btnregister</arg>
<doc>Click element identified by `locator`.</doc>
<status status="PASS" start="2024-10-28T17:04:34.306103" elapsed="1.494458"/>
</kw>
<kw name="Wait Until Page Contains" owner="AppiumLibrary">
<arg>Email already registered</arg>
<arg>timeout=30s</arg>
<doc>Waits until `text` appears on current page.</doc>
<status status="PASS" start="2024-10-28T17:04:35.800561" elapsed="0.053032"/>
</kw>
<kw name="Close Application" owner="AppiumLibrary">
<doc>Closes the current application and also close webdriver session.</doc>
<status status="PASS" start="2024-10-28T17:04:35.853593" elapsed="0.471803"/>
</kw>
<doc>Test Invalid Duplicate email</doc>
<status status="PASS" start="2024-10-28T17:04:20.798583" elapsed="15.527317"/>
</test>
<doc>Test the registration functionality with OTP in the BestPick app.</doc>
<status status="PASS" start="2024-10-28T17:04:20.537962" elapsed="15.789205"/>
</suite>
<statistics>
<total>
<stat pass="1" fail="0" skip="0">All Tests</stat>
</total>
<tag>
</tag>
<suite>
<stat pass="1" fail="0" skip="0" id="s1" name="registerTest">registerTest</stat>
</suite>
</statistics>
<errors>
</errors>
</robot>
